<?xml version="1.0" encoding="UTF-8"?>
<testsuite xmlns:xsi="http://www.w3.org/2001/XMLSchema-instance" xsi:noNamespaceSchemaLocation="https://maven.apache.org/surefire/maven-surefire-plugin/xsd/surefire-test-report.xsd" version="3.0.2" name="myapp.zcvv.demo.ms.ApplicationTests" time="1.64" tests="1" errors="0" skipped="0" failures="0">
  <properties>
[...]
</properties>
  <testcase name="contextLoads" classname="myapp.zcvv.demo.ms.ApplicationTests" time="0.346">
    <system-out><![CDATA[15:04:33.170 [main] INFO org.springframework.test.context.support.AnnotationConfigContextLoaderUtils -- Could not detect default configuration classes for test class [myapp.zcvv.demo.ms.ApplicationTests]: ApplicationTests does not declare any static, non-private, non-final, nested classes annotated with @Configuration.
15:04:33.205 [main] INFO org.springframework.boot.test.context.SpringBootTestContextBootstrapper -- Found @SpringBootConfiguration myapp.zcvv.demo.ms.Application for test class myapp.zcvv.demo.ms.ApplicationTests

  .   ____          _            __ _ _
 /\\ / ___'_ __ _ _(_)_ __  __ _ \ \ \ \
( ( )\___ | '_ | '_| | '_ \/ _` | \ \ \ \
 \\/  ___)| |_)| | | | | || (_| |  ) ) ) )
  '  |____| .__|_| |_|_| |_\__, | / / / /
 =========|_|==============|___/=/_/_/_/

 :: Spring Boot ::                (v3.4.3)

2026-09-11T15:04:33.561-06:00  INFO 53492 --- [demo-mongo] [           main] myapp.zcvv.demo.ms.ApplicationTests      : The following 1 profile is active: "LOCAL"
2026-09-11T15:04:33.699-06:00  INFO 53492 --- [demo-mongo] [           main] .s.d.r.c.RepositoryConfigurationDelegate : Bootstrapping Spring Data MongoDB repositories in DEFAULT mode.
2026-09-11T15:04:33.710-06:00  INFO 53492 --- [demo-mongo] [           main] .s.d.r.c.RepositoryConfigurationDelegate : Finished Spring Data repository scanning in 8 ms. Found 1 MongoDB repository interface.
2026-09-11T15:04:33.838-06:00  INFO 53492 --- [demo-mongo] [           main] o.s.cloud.context.scope.GenericScope     : BeanFactory id=2568f8a6-528a-34f7-b39f-36612cf5e960
2026-09-11T15:04:33.955-06:00  INFO 53492 --- [demo-mongo] [8yv.mongodb.net] org.mongodb.driver.cluster               : Adding discovered server ac-7kz4sms-shard-00-02.ezeb8yv.mongodb.net:27017 to client view of cluster
2026-09-11T15:04:33.957-06:00  INFO 53492 --- [demo-mongo] [           main] org.mongodb.driver.client                : MongoClient with metadata {"application": {"name": "Cluster78645"}, "driver": {"name": "mongo-java-driver|sync|spring-boot", "version": "5.2.1"}, "os": {"type": "Darwin", "name": "Mac OS X", "architecture": "aarch64", "version": "26.6.2"}, "platform": "Java/Oracle Corporation/21.0.7+8-LTS-245"} created with settings MongoClientSettings{readPreference=primary, writeConcern=WriteConcern{w=null, wTimeout=null ms, journal=null}, retryWrites=true, retryReads=true, readConcern=ReadConcern{level=null}, credential=MongoCredential{mechanism=null, userName='Cluster78645', source='admin', password=<hidden>, mechanismProperties=<hidden>}, transportSettings=null, commandListeners=[io.micrometer.core.instrument.binder.mongodb.MongoMetricsCommandListener@5b44318], codecRegistry=ProvidersCodecRegistry{codecProviders=[ValueCodecProvider{}, BsonValueCodecProvider{}, DBRefCodecProvider{}, DBObjectCodecProvider{}, DocumentCodecProvider{}, CollectionCodecProvider{}, IterableCodecProvider{}, MapCodecProvider{}, GeoJsonCodecProvider{}, GridFSFileCodecProvider{}, Jsr310CodecProvider{}, JsonObjectCodecProvider{}, BsonCodecProvider{}, EnumCodecProvider{}, com.mongodb.client.model.mql.ExpressionCodecProvider@6e807e2, com.mongodb.Jep395RecordCodecProvider@6c995c5d, com.mongodb.KotlinCodecProvider@203b953c]}, loggerSettings=LoggerSettings{maxDocumentLength=1000}, clusterSettings={hosts=[127.0.0.1:27017], srvHost=cluster78645.ezeb8yv.mongodb.net, srvServiceName=mongodb, mode=MULTIPLE, requiredClusterType=REPLICA_SET, requiredReplicaSetName='atlas-m7izar-shard-0', serverSelector='null', clusterListeners='[]', serverSelectionTimeout='30000 ms', localThreshold='15 ms'}, socketSettings=SocketSettings{connectTimeoutMS=10000, readTimeoutMS=0, receiveBufferSize=0, proxySettings=ProxySettings{host=null, port=null, username=null, password=null}}, heartbeatSocketSettings=SocketSettings{connectTimeoutMS=10000, readTimeoutMS=10000, receiveBufferSize=0, proxySettings=ProxySettings{host=null, port=null, username=null, password=null}}, connectionPoolSettings=ConnectionPoolSettings{maxSize=100, minSize=0, maxWaitTimeMS=120000, maxConnectionLifeTimeMS=0, maxConnectionIdleTimeMS=0, maintenanceInitialDelayMS=0, maintenanceFrequencyMS=60000, connectionPoolListeners=[io.micrometer.core.instrument.binder.mongodb.MongoMetricsConnectionPoolListener@730bea0], maxConnecting=2}, serverSettings=ServerSettings{heartbeatFrequencyMS=10000, minHeartbeatFrequencyMS=500, serverMonitoringMode=AUTO, serverListeners='[]', serverMonitorListeners='[]'}, sslSettings=SslSettings{enabled=true, invalidHostNameAllowed=false, context=null}, applicationName='Cluster78645', compressorList=[], uuidRepresentation=JAVA_LEGACY, serverApi=null, autoEncryptionSettings=null, dnsClient=null, inetAddressResolver=null, contextProvider=null, timeoutMS=null}
2026-09-11T15:04:33.979-06:00  INFO 53492 --- [demo-mongo] [8yv.mongodb.net] org.mongodb.driver.cluster               : Adding discovered server ac-7kz4sms-shard-00-00.ezeb8yv.mongodb.net:27017 to client view of cluster
2026-09-11T15:04:33.982-06:00  INFO 53492 --- [demo-mongo] [8yv.mongodb.net] org.mongodb.driver.cluster               : Adding discovered server ac-7kz4sms-shard-00-01.ezeb8yv.mongodb.net:27017 to client view of cluster
2026-09-11T15:04:34.344-06:00  INFO 53492 --- [demo-mongo] [           main] o.s.b.a.e.web.EndpointLinksResolver      : Exposing 4 endpoints beneath base path '/actuator'
2026-09-11T15:04:34.372-06:00  INFO 53492 --- [demo-mongo] [           main] myapp.zcvv.demo.ms.ApplicationTests      : Started ApplicationTests in 1.049 seconds (process running for 1.417)
2026-09-11T15:04:34.392-06:00  INFO 53492 --- [demo-mongo] [ngodb.net:27017] org.mongodb.driver.cluster               : Monitor thread successfully connected to server with description ServerDescription{address=ac-7kz4sms-shard-00-02.ezeb8yv.mongodb.net:27017, type=REPLICA_SET_SECONDARY, cryptd=false, state=CONNECTED, ok=true, minWireVersion=0, maxWireVersion=25, maxDocumentSize=16777216, logicalSessionTimeoutMinutes=30, roundTripTimeNanos=271189250, minRoundTripTimeNanos=0, setName='atlas-m7izar-shard-0', canonicalAddress=ac-7kz4sms-shard-00-02.ezeb8yv.mongodb.net:27017, hosts=[ac-7kz4sms-shard-00-00.ezeb8yv.mongodb.net:27017, ac-7kz4sms-shard-00-01.ezeb8yv.mongodb.net:27017, ac-7kz4sms-shard-00-02.ezeb8yv.mongodb.net:27017], passives=[], arbiters=[], primary='ac-7kz4sms-shard-00-01.ezeb8yv.mongodb.net:27017', tagSet=TagSet{[Tag{name='availabilityZone', value='use1-az5'}, Tag{name='cacheState', value='READY'}, Tag{name='diskState', value='READY'}, Tag{name='nodeType', value='ELECTABLE'}, Tag{name='provider', value='AWS'}, Tag{name='region', value='US_EAST_1'}, Tag{name='workloadType', value='OPERATIONAL'}]}, electionId=null, setVersion=310, topologyVersion=TopologyVersion{processId=6aa013f039cf706599c2b049, counter=5}, lastWriteDate=Fri Sep 11 15:04:34 CST 2026, lastUpdateTimeNanos=311624066823291}
2026-09-11T15:04:34.392-06:00  INFO 53492 --- [demo-mongo] [ngodb.net:27017] org.mongodb.driver.cluster               : Monitor thread successfully connected to server with description ServerDescription{address=ac-7kz4sms-shard-00-01.ezeb8yv.mongodb.net:27017, type=REPLICA_SET_PRIMARY, cryptd=false, state=CONNECTED, ok=true, minWireVersion=0, maxWireVersion=25, maxDocumentSize=16777216, logicalSessionTimeoutMinutes=30, roundTripTimeNanos=273471125, minRoundTripTimeNanos=0, setName='atlas-m7izar-shard-0', canonicalAddress=ac-7kz4sms-shard-00-01.ezeb8yv.mongodb.net:27017, hosts=[ac-7kz4sms-shard-00-00.ezeb8yv.mongodb.net:27017, ac-7kz4sms-shard-00-01.ezeb8yv.mongodb.net:27017, ac-7kz4sms-shard-00-02.ezeb8yv.mongodb.net:27017], passives=[], arbiters=[], primary='ac-7kz4sms-shard-00-01.ezeb8yv.mongodb.net:27017', tagSet=TagSet{[Tag{name='availabilityZone', value='use1-az2'}, Tag{name='cacheState', value='READY'}, Tag{name='diskState', value='READY'}, Tag{name='nodeType', value='ELECTABLE'}, Tag{name='provider', value='AWS'}, Tag{name='region', value='US_EAST_1'}, Tag{name='workloadType', value='OPERATIONAL'}]}, electionId=7fffffff0000000000000249, setVersion=310, topologyVersion=TopologyVersion{processId=6aa010e83be1ec7650437e5d, counter=10}, lastWriteDate=Fri Sep 11 15:04:34 CST 2026, lastUpdateTimeNanos=311624066828625}
2026-09-11T15:04:34.393-06:00  INFO 53492 --- [demo-mongo] [ngodb.net:27017] org.mongodb.driver.cluster               : Monitor thread successfully connected to server with description ServerDescription{address=ac-7kz4sms-shard-00-00.ezeb8yv.mongodb.net:27017, type=REPLICA_SET_SECONDARY, cryptd=false, state=CONNECTED, ok=true, minWireVersion=0, maxWireVersion=25, maxDocumentSize=16777216, logicalSessionTimeoutMinutes=30, roundTripTimeNanos=272718625, minRoundTripTimeNanos=0, setName='atlas-m7izar-shard-0', canonicalAddress=ac-7kz4sms-shard-00-00.ezeb8yv.mongodb.net:27017, hosts=[ac-7kz4sms-shard-00-00.ezeb8yv.mongodb.net:27017, ac-7kz4sms-shard-00-01.ezeb8yv.mongodb.net:27017, ac-7kz4sms-shard-00-02.ezeb8yv.mongodb.net:27017], passives=[], arbiters=[], primary='ac-7kz4sms-shard-00-01.ezeb8yv.mongodb.net:27017', tagSet=TagSet{[Tag{name='availabilityZone', value='use1-az1'}, Tag{name='cacheState', value='READY'}, Tag{name='diskState', value='READY'}, Tag{name='nodeType', value='ELECTABLE'}, Tag{name='provider', value='AWS'}, Tag{name='region', value='US_EAST_1'}, Tag{name='workloadType', value='OPERATIONAL'}]}, electionId=null, setVersion=310, topologyVersion=TopologyVersion{processId=6aa00e199601db9f9859f22c, counter=10}, lastWriteDate=Fri Sep 11 15:04:34 CST 2026, lastUpdateTimeNanos=311624066828625}
2026-09-11T15:04:34.397-06:00  INFO 53492 --- [demo-mongo] [ngodb.net:27017] org.mongodb.driver.cluster               : Discovered replica set primary ac-7kz4sms-shard-00-01.ezeb8yv.mongodb.net:27017 with max election id 7fffffff0000000000000249 and max set version 310
]]></system-out>
    <system-err><![CDATA[Mockito is currently self-attaching to enable the inline-mock-maker. This will no longer work in future releases of the JDK. Please add Mockito as an agent to your build what is described in Mockito's documentation: https://javadoc.io/doc/org.mockito/mockito-core/latest/org/mockito/Mockito.html#0.3
WARNING: A Java agent has been loaded dynamically (/Users/zelmarvazquez/.m2/repository/net/bytebuddy/byte-buddy-agent/1.15.11/byte-buddy-agent-1.15.11.jar)
WARNING: If a serviceability tool is in use, please run with -XX:+EnableDynamicAgentLoading to hide this warning
WARNING: If a serviceability tool is not in use, please run with -Djdk.instrument.traceUsage for more information
WARNING: Dynamic loading of agents will be disallowed by default in a future release
]]></system-err>
  </testcase>
</testsuite>